11:42:05,711 (AWT-EventQueue-0) INFO  [uniandes.isis2304.parranderos.negocio.Parranderos] - Limpiando la BD de Parranderos
11:42:05,809 (AWT-EventQueue-0) INFO  [uniandes.isis2304.parranderos.persistencia.PersistenciaParranderos] - Borrada la base de datos
11:42:05,810 (AWT-EventQueue-0) INFO  [uniandes.isis2304.parranderos.negocio.Parranderos] - Limpiando la BD de Parranderos: Listo!
17:49:19,884 (main) INFO  [uniandes.isis2304.parranderos.interfazApp.InterfazParranderosApp] - Se encontró un archivo de configuración válido: Interfaz
17:49:19,884 (main) INFO  [uniandes.isis2304.parranderos.interfazApp.InterfazParranderosApp] - Se aplica configuración indicada en el archivo de configuración
17:49:19,896 (main) INFO  [uniandes.isis2304.parranderos.interfazApp.InterfazParranderosApp] - Se encontró un archivo de configuración válido: Tablas BD
15:41:51,929 (main) INFO  [uniandes.isis2304.parranderos.test.ConexionTest] - Probando el acceso a la base de datos con datos de usuario correctos, pero sin crear el esquema
15:41:51,963 (main) INFO  [uniandes.isis2304.parranderos.test.ConexionTest] - Se encontró un archivo de configuración de tablas válido
15:41:53,717 (main) INFO  [uniandes.isis2304.parranderos.test.ConexionTest] - Prueba de tabla inexistente incompleta. No se pudo conectar a la base de datos !!. La excepción generada es: javax.jdo.JDOFatalUserException
15:41:53,717 (main) INFO  [uniandes.isis2304.parranderos.test.ConexionTest] - La causa es: javax.jdo.JDOFatalDataStoreException: ORA-01017: invalid username/password; logon denied

NestedThrowables:
java.sql.SQLException: ORA-01017: invalid username/password; logon denied

15:41:53,720 (main) INFO  [uniandes.isis2304.parranderos.test.ConexionTest] - Probando el acceso a la base de datos con una base de datos que no existe
15:41:53,720 (main) INFO  [uniandes.isis2304.parranderos.test.ConexionTest] - Se encontró un archivo de configuración de tablas válido
15:41:53,769 (main) INFO  [uniandes.isis2304.parranderos.test.ConexionTest] - Prueba realizada exitosamente. La excepción generada es: javax.jdo.JDOFatalUserException
15:41:53,769 (main) INFO  [uniandes.isis2304.parranderos.test.ConexionTest] - La causa es: javax.jdo.JDOFatalDataStoreException: Listener refused the connection with the following error:
ORA-12505, TNS:listener does not currently know of SID given in connect descriptor
 
NestedThrowables:
java.sql.SQLException: Listener refused the connection with the following error:
ORA-12505, TNS:listener does not currently know of SID given in connect descriptor
 
15:41:53,769 (main) INFO  [uniandes.isis2304.parranderos.test.ConexionTest] - Probando el acceso a la base de datos con datos de usuario incorrectos
15:41:53,769 (main) INFO  [uniandes.isis2304.parranderos.test.ConexionTest] - Se encontró un archivo de configuración de tablas válido
15:41:54,923 (main) INFO  [uniandes.isis2304.parranderos.test.ConexionTest] - Prueba realizada exitosamente. La excepción generada es: javax.jdo.JDOFatalUserException
15:41:54,923 (main) INFO  [uniandes.isis2304.parranderos.test.ConexionTest] - La causa es: javax.jdo.JDOFatalDataStoreException: ORA-01017: invalid username/password; logon denied

NestedThrowables:
java.sql.SQLException: ORA-01017: invalid username/password; logon denied

15:41:54,924 (main) INFO  [uniandes.isis2304.parranderos.test.ConexionTest] - Probando el acceso a la base de datos con datos válidos (BD, credenciales, esquema
15:41:54,924 (main) INFO  [uniandes.isis2304.parranderos.test.ConexionTest] - Se encontró un archivo de configuración de tablas válido
15:41:55,993 (main) INFO  [uniandes.isis2304.parranderos.test.ConexionTest] - Prueba de acceso normal FALLÓ !!. La excepción generada es: javax.jdo.JDOFatalUserException
15:41:55,993 (main) INFO  [uniandes.isis2304.parranderos.test.ConexionTest] - La causa es: javax.jdo.JDOFatalDataStoreException: ORA-01017: invalid username/password; logon denied

NestedThrowables:
java.sql.SQLException: ORA-01017: invalid username/password; logon denied

15:42:40,341 (main) INFO  [uniandes.isis2304.parranderos.test.ConexionTest] - Probando el acceso a la base de datos con datos válidos (BD, credenciales, esquema
15:42:40,373 (main) INFO  [uniandes.isis2304.parranderos.test.ConexionTest] - Se encontró un archivo de configuración de tablas válido
15:42:42,097 (main) INFO  [uniandes.isis2304.parranderos.test.ConexionTest] - Prueba de acceso normal FALLÓ !!. La excepción generada es: javax.jdo.JDOFatalUserException
15:42:42,097 (main) INFO  [uniandes.isis2304.parranderos.test.ConexionTest] - La causa es: javax.jdo.JDOFatalDataStoreException: ORA-01017: invalid username/password; logon denied

NestedThrowables:
java.sql.SQLException: ORA-01017: invalid username/password; logon denied

15:53:00,169 (main) INFO  [uniandes.isis2304.parranderos.test.ConexionTest] - Probando el acceso a la base de datos con datos válidos (BD, credenciales, esquema
15:53:00,200 (main) INFO  [uniandes.isis2304.parranderos.test.ConexionTest] - Se encontró un archivo de configuración de tablas válido
15:53:01,895 (main) INFO  [uniandes.isis2304.parranderos.test.ConexionTest] - Prueba de acceso normal FALLÓ !!. La excepción generada es: javax.jdo.JDOFatalUserException
15:53:01,895 (main) INFO  [uniandes.isis2304.parranderos.test.ConexionTest] - La causa es: javax.jdo.JDOFatalDataStoreException: ORA-01017: invalid username/password; logon denied

NestedThrowables:
java.sql.SQLException: ORA-01017: invalid username/password; logon denied

16:01:51,097 (main) INFO  [uniandes.isis2304.parranderos.interfazApp.InterfazParranderosApp] - Se encontró un archivo de configuración válido: Interfaz
16:01:51,098 (main) INFO  [uniandes.isis2304.parranderos.interfazApp.InterfazParranderosApp] - Se aplica configuración indicada en el archivo de configuración
16:01:51,105 (main) INFO  [uniandes.isis2304.parranderos.interfazApp.InterfazParranderosApp] - Se encontró un archivo de configuración válido: Tablas BD
16:09:11,560 (main) INFO  [uniandes.isis2304.parranderos.test.ConexionTest] - Probando el acceso a la base de datos con datos de usuario correctos, pero sin crear el esquema
16:09:11,594 (main) INFO  [uniandes.isis2304.parranderos.test.ConexionTest] - Se encontró un archivo de configuración de tablas válido
16:09:13,317 (main) INFO  [uniandes.isis2304.parranderos.test.ConexionTest] - Prueba de tabla inexistente incompleta. No se pudo conectar a la base de datos !!. La excepción generada es: javax.jdo.JDOFatalUserException
16:09:13,317 (main) INFO  [uniandes.isis2304.parranderos.test.ConexionTest] - La causa es: javax.jdo.JDOFatalDataStoreException: ORA-01017: invalid username/password; logon denied

NestedThrowables:
java.sql.SQLException: ORA-01017: invalid username/password; logon denied

16:09:13,319 (main) INFO  [uniandes.isis2304.parranderos.test.ConexionTest] - Probando el acceso a la base de datos con una base de datos que no existe
16:09:13,319 (main) INFO  [uniandes.isis2304.parranderos.test.ConexionTest] - Se encontró un archivo de configuración de tablas válido
16:09:13,374 (main) INFO  [uniandes.isis2304.parranderos.test.ConexionTest] - Prueba realizada exitosamente. La excepción generada es: javax.jdo.JDOFatalUserException
16:09:13,375 (main) INFO  [uniandes.isis2304.parranderos.test.ConexionTest] - La causa es: javax.jdo.JDOFatalDataStoreException: Listener refused the connection with the following error:
ORA-12505, TNS:listener does not currently know of SID given in connect descriptor
 
NestedThrowables:
java.sql.SQLException: Listener refused the connection with the following error:
ORA-12505, TNS:listener does not currently know of SID given in connect descriptor
 
16:09:13,375 (main) INFO  [uniandes.isis2304.parranderos.test.ConexionTest] - Probando el acceso a la base de datos con datos de usuario incorrectos
16:09:13,375 (main) INFO  [uniandes.isis2304.parranderos.test.ConexionTest] - Se encontró un archivo de configuración de tablas válido
16:09:14,524 (main) INFO  [uniandes.isis2304.parranderos.test.ConexionTest] - Prueba realizada exitosamente. La excepción generada es: javax.jdo.JDOFatalUserException
16:09:14,525 (main) INFO  [uniandes.isis2304.parranderos.test.ConexionTest] - La causa es: javax.jdo.JDOFatalDataStoreException: ORA-01017: invalid username/password; logon denied

NestedThrowables:
java.sql.SQLException: ORA-01017: invalid username/password; logon denied

16:09:14,525 (main) INFO  [uniandes.isis2304.parranderos.test.ConexionTest] - Probando el acceso a la base de datos con datos válidos (BD, credenciales, esquema
16:09:14,525 (main) INFO  [uniandes.isis2304.parranderos.test.ConexionTest] - Se encontró un archivo de configuración de tablas válido
16:09:15,599 (main) INFO  [uniandes.isis2304.parranderos.test.ConexionTest] - Prueba de acceso normal FALLÓ !!. La excepción generada es: javax.jdo.JDOFatalUserException
16:09:15,599 (main) INFO  [uniandes.isis2304.parranderos.test.ConexionTest] - La causa es: javax.jdo.JDOFatalDataStoreException: ORA-01017: invalid username/password; logon denied

NestedThrowables:
java.sql.SQLException: ORA-01017: invalid username/password; logon denied

16:20:42,288 (main) INFO  [uniandes.isis2304.parranderos.interfazDemo.InterfazParranderosDemo] - Se encontró un archivo de configuración válido: Interfaz
16:20:42,288 (main) INFO  [uniandes.isis2304.parranderos.interfazDemo.InterfazParranderosDemo] - Se aplica configuración indicada en el archivo de configuración
16:20:42,303 (main) INFO  [uniandes.isis2304.parranderos.interfazDemo.InterfazParranderosDemo] - Se encontró un archivo de configuración válido: Tablas BD
16:20:49,035 (AWT-EventQueue-0) INFO  [uniandes.isis2304.parranderos.negocio.Parranderos] - Adicionando Tipo de bebida: Vino tinto
16:20:49,274 (AWT-EventQueue-0) INFO  [uniandes.isis2304.parranderos.negocio.Parranderos] - Adicionando Tipo de bebida: TipoBebida [id=1, nombre=Vino tinto]
16:20:49,274 (AWT-EventQueue-0) INFO  [uniandes.isis2304.parranderos.negocio.Parranderos] - Generando los VO de Tipos de bebida
16:20:49,291 (AWT-EventQueue-0) INFO  [uniandes.isis2304.parranderos.negocio.Parranderos] - Generando los VO de Tipos de bebida: 1 existentes
16:20:49,291 (AWT-EventQueue-0) INFO  [uniandes.isis2304.parranderos.negocio.Parranderos] - Eliminando Tipo de bebida por id: 1
16:20:49,308 (AWT-EventQueue-0) INFO  [uniandes.isis2304.parranderos.negocio.Parranderos] - Eliminando Tipo de bebida por id: 1 tuplas eliminadas
16:21:14,314 (main) INFO  [uniandes.isis2304.parranderos.interfazApp.InterfazParranderosApp] - Se encontró un archivo de configuración válido: Interfaz
16:21:14,314 (main) INFO  [uniandes.isis2304.parranderos.interfazApp.InterfazParranderosApp] - Se aplica configuración indicada en el archivo de configuración
16:21:14,321 (main) INFO  [uniandes.isis2304.parranderos.interfazApp.InterfazParranderosApp] - Se encontró un archivo de configuración válido: Tablas BD
16:24:07,297 (AWT-EventQueue-0) INFO  [uniandes.isis2304.parranderos.negocio.Parranderos] - Adicionando Tipo de bebida: Alicorada
16:24:07,536 (AWT-EventQueue-0) INFO  [uniandes.isis2304.parranderos.negocio.Parranderos] - Adicionando Tipo de bebida: TipoBebida [id=2, nombre=Alicorada]
19:58:25,467 (main) INFO  [uniandes.isis2304.parranderos.interfazApp.InterfazParranderosApp] - Se encontró un archivo de configuración válido: Interfaz
19:58:25,467 (main) INFO  [uniandes.isis2304.parranderos.interfazApp.InterfazParranderosApp] - Se aplica configuración indicada en el archivo de configuración
19:58:25,474 (main) INFO  [uniandes.isis2304.parranderos.interfazApp.InterfazParranderosApp] - Se encontró un archivo de configuración válido: Tablas BD
20:07:33,545 (main) INFO  [uniandes.isis2304.parranderos.interfazApp.InterfazParranderosApp] - Se encontró un archivo de configuración válido: Interfaz
20:07:33,545 (main) INFO  [uniandes.isis2304.parranderos.interfazApp.InterfazParranderosApp] - Se aplica configuración indicada en el archivo de configuración
20:07:33,552 (main) INFO  [uniandes.isis2304.parranderos.interfazApp.InterfazParranderosApp] - Se encontró un archivo de configuración válido: Tablas BD
20:10:00,511 (AWT-EventQueue-0) INFO  [uniandes.isis2304.parranderos.negocio.AlohAndes] - Adicionando Cliente Camilo
20:10:00,531 (AWT-EventQueue-0) ERROR [uniandes.isis2304.parranderos.persistencia.PersistenciaAlohAndes] - Exception : null

20:10:00,533 (AWT-EventQueue-0) INFO  [uniandes.isis2304.parranderos.negocio.AlohAndes] - Adicionando Cliente: null
20:12:04,752 (main) INFO  [uniandes.isis2304.parranderos.interfazApp.InterfazParranderosApp] - Se encontró un archivo de configuración válido: Interfaz
20:12:04,752 (main) INFO  [uniandes.isis2304.parranderos.interfazApp.InterfazParranderosApp] - Se aplica configuración indicada en el archivo de configuración
20:12:04,759 (main) INFO  [uniandes.isis2304.parranderos.interfazApp.InterfazParranderosApp] - Se encontró un archivo de configuración válido: Tablas BD
20:12:45,063 (AWT-EventQueue-0) INFO  [uniandes.isis2304.parranderos.negocio.AlohAndes] - Adicionando Cliente Daniel
20:12:45,083 (AWT-EventQueue-0) ERROR [uniandes.isis2304.parranderos.persistencia.PersistenciaAlohAndes] - Exception : null

20:12:45,084 (AWT-EventQueue-0) INFO  [uniandes.isis2304.parranderos.negocio.AlohAndes] - Adicionando Cliente: null
20:17:04,123 (main) INFO  [uniandes.isis2304.parranderos.interfazApp.InterfazParranderosApp] - Se encontró un archivo de configuración válido: Interfaz
20:17:04,123 (main) INFO  [uniandes.isis2304.parranderos.interfazApp.InterfazParranderosApp] - Se aplica configuración indicada en el archivo de configuración
20:17:04,130 (main) INFO  [uniandes.isis2304.parranderos.interfazApp.InterfazParranderosApp] - Se encontró un archivo de configuración válido: Tablas BD
20:17:46,279 (AWT-EventQueue-0) INFO  [uniandes.isis2304.parranderos.negocio.AlohAndes] - Adicionando Cliente Cami
20:17:46,299 (AWT-EventQueue-0) ERROR [uniandes.isis2304.parranderos.persistencia.PersistenciaAlohAndes] - Exception : null

20:17:46,301 (AWT-EventQueue-0) INFO  [uniandes.isis2304.parranderos.negocio.AlohAndes] - Adicionando Cliente: null
20:18:32,471 (main) INFO  [uniandes.isis2304.parranderos.interfazApp.InterfazParranderosApp] - Se encontró un archivo de configuración válido: Interfaz
20:18:32,472 (main) INFO  [uniandes.isis2304.parranderos.interfazApp.InterfazParranderosApp] - Se aplica configuración indicada en el archivo de configuración
20:18:32,479 (main) INFO  [uniandes.isis2304.parranderos.interfazApp.InterfazParranderosApp] - Se encontró un archivo de configuración válido: Tablas BD
20:18:48,004 (main) INFO  [uniandes.isis2304.parranderos.interfazApp.InterfazParranderosApp] - Se encontró un archivo de configuración válido: Interfaz
20:18:48,004 (main) INFO  [uniandes.isis2304.parranderos.interfazApp.InterfazParranderosApp] - Se aplica configuración indicada en el archivo de configuración
20:18:48,011 (main) INFO  [uniandes.isis2304.parranderos.interfazApp.InterfazParranderosApp] - Se encontró un archivo de configuración válido: Tablas BD
20:19:24,568 (AWT-EventQueue-0) INFO  [uniandes.isis2304.parranderos.negocio.AlohAndes] - Adicionando Cliente Cami
20:19:24,588 (AWT-EventQueue-0) ERROR [uniandes.isis2304.parranderos.persistencia.PersistenciaAlohAndes] - Exception : null

20:19:24,589 (AWT-EventQueue-0) INFO  [uniandes.isis2304.parranderos.negocio.AlohAndes] - Adicionando Cliente: null
20:20:04,336 (main) INFO  [uniandes.isis2304.parranderos.interfazApp.InterfazParranderosApp] - Se encontró un archivo de configuración válido: Interfaz
20:20:04,336 (main) INFO  [uniandes.isis2304.parranderos.interfazApp.InterfazParranderosApp] - Se aplica configuración indicada en el archivo de configuración
20:20:04,343 (main) INFO  [uniandes.isis2304.parranderos.interfazApp.InterfazParranderosApp] - Se encontró un archivo de configuración válido: Tablas BD
20:22:03,783 (main) INFO  [uniandes.isis2304.parranderos.interfazApp.InterfazParranderosApp] - Se encontró un archivo de configuración válido: Interfaz
20:22:03,783 (main) INFO  [uniandes.isis2304.parranderos.interfazApp.InterfazParranderosApp] - Se aplica configuración indicada en el archivo de configuración
20:22:03,796 (main) INFO  [uniandes.isis2304.parranderos.interfazApp.InterfazParranderosApp] - Se encontró un archivo de configuración válido: Tablas BD
20:22:34,214 (AWT-EventQueue-0) INFO  [uniandes.isis2304.parranderos.negocio.AlohAndes] - Adicionando Cliente Dani
20:22:34,235 (AWT-EventQueue-0) ERROR [uniandes.isis2304.parranderos.persistencia.PersistenciaAlohAndes] - Exception : null

20:22:34,238 (AWT-EventQueue-0) INFO  [uniandes.isis2304.parranderos.negocio.AlohAndes] - Adicionando Cliente: null
20:23:22,511 (main) INFO  [uniandes.isis2304.parranderos.interfazApp.InterfazParranderosApp] - Se encontró un archivo de configuración válido: Interfaz
20:23:22,512 (main) INFO  [uniandes.isis2304.parranderos.interfazApp.InterfazParranderosApp] - Se aplica configuración indicada en el archivo de configuración
20:23:22,519 (main) INFO  [uniandes.isis2304.parranderos.interfazApp.InterfazParranderosApp] - Se encontró un archivo de configuración válido: Tablas BD
20:23:51,296 (AWT-EventQueue-0) INFO  [uniandes.isis2304.parranderos.negocio.AlohAndes] - Adicionando Cliente Daniel
20:23:51,537 (AWT-EventQueue-0) INFO  [uniandes.isis2304.parranderos.negocio.AlohAndes] - Adicionando Cliente: Cliente [nacionalidad=Colombiana, numeroDocumento=54854545, tipo=ESTUDIANTE, tipoDocumento=CC, interesan=null, reservas=null]
20:26:19,173 (main) INFO  [uniandes.isis2304.parranderos.interfazApp.InterfazParranderosApp] - Se encontró un archivo de configuración válido: Interfaz
20:26:19,173 (main) INFO  [uniandes.isis2304.parranderos.interfazApp.InterfazParranderosApp] - Se aplica configuración indicada en el archivo de configuración
20:26:19,180 (main) INFO  [uniandes.isis2304.parranderos.interfazApp.InterfazParranderosApp] - Se encontró un archivo de configuración válido: Tablas BD
20:26:48,344 (AWT-EventQueue-0) INFO  [uniandes.isis2304.parranderos.negocio.AlohAndes] - Adicionando Cliente Juliani
20:26:48,528 (AWT-EventQueue-0) INFO  [uniandes.isis2304.parranderos.negocio.AlohAndes] - Adicionando Cliente: Cliente [nacionalidad=Italiana, numeroDocumento=45645645, tipo=PROFESOR, tipoDocumento=CE, interesan=null, reservas=null]
21:16:45,211 (main) INFO  [uniandes.isis2304.parranderos.interfazApp.InterfazParranderosApp] - Se encontró un archivo de configuración válido: Interfaz
21:16:45,212 (main) INFO  [uniandes.isis2304.parranderos.interfazApp.InterfazParranderosApp] - Se aplica configuración indicada en el archivo de configuración
21:16:45,219 (main) INFO  [uniandes.isis2304.parranderos.interfazApp.InterfazParranderosApp] - Se encontró un archivo de configuración válido: Tablas BD
21:17:44,928 (AWT-EventQueue-0) INFO  [uniandes.isis2304.parranderos.negocio.AlohAndes] - Adicionando pj Amarte
21:17:44,929 (AWT-EventQueue-0) INFO  [uniandes.isis2304.parranderos.negocio.AlohAndes] - Adicionando pj: PersonaJuridica [nit=484564, horaApertura=00:00, horaCierre=00:00, tipo=Hotel, ofertasViviendaUniversitaria=null, ofertasHabitacionDiaria=null]
12:09:45,917 (main) INFO  [uniandes.isis2304.parranderos.interfazApp.InterfazParranderosApp] - Se encontró un archivo de configuración válido: Interfaz
12:09:45,917 (main) INFO  [uniandes.isis2304.parranderos.interfazApp.InterfazParranderosApp] - Se aplica configuración indicada en el archivo de configuración
12:09:45,924 (main) INFO  [uniandes.isis2304.parranderos.interfazApp.InterfazParranderosApp] - Se encontró un archivo de configuración válido: Tablas BD
12:12:03,740 (AWT-EventQueue-0) INFO  [uniandes.isis2304.parranderos.negocio.AlohAndes] - Adicionando Cliente Camila 
12:12:03,771 (AWT-EventQueue-0) ERROR [uniandes.isis2304.parranderos.persistencia.PersistenciaAlohAndes] - Exception : null

12:12:03,773 (AWT-EventQueue-0) INFO  [uniandes.isis2304.parranderos.negocio.AlohAndes] - Adicionando persona natural: null
12:26:54,648 (main) INFO  [uniandes.isis2304.parranderos.interfazApp.InterfazParranderosApp] - Se encontró un archivo de configuración válido: Interfaz
12:26:54,648 (main) INFO  [uniandes.isis2304.parranderos.interfazApp.InterfazParranderosApp] - Se aplica configuración indicada en el archivo de configuración
12:26:54,655 (main) INFO  [uniandes.isis2304.parranderos.interfazApp.InterfazParranderosApp] - Se encontró un archivo de configuración válido: Tablas BD
12:27:56,650 (AWT-EventQueue-0) INFO  [uniandes.isis2304.parranderos.negocio.AlohAndes] - Adicionando Cliente Mario
12:27:56,669 (AWT-EventQueue-0) ERROR [uniandes.isis2304.parranderos.persistencia.PersistenciaAlohAndes] - Exception : null

12:27:56,671 (AWT-EventQueue-0) INFO  [uniandes.isis2304.parranderos.negocio.AlohAndes] - Adicionando persona natural: null
12:33:06,453 (main) INFO  [uniandes.isis2304.parranderos.interfazApp.InterfazParranderosApp] - Se encontró un archivo de configuración válido: Interfaz
12:33:06,454 (main) INFO  [uniandes.isis2304.parranderos.interfazApp.InterfazParranderosApp] - Se aplica configuración indicada en el archivo de configuración
12:33:06,466 (main) INFO  [uniandes.isis2304.parranderos.interfazApp.InterfazParranderosApp] - Se encontró un archivo de configuración válido: Tablas BD
12:33:57,554 (AWT-EventQueue-0) INFO  [uniandes.isis2304.parranderos.negocio.AlohAndes] - Adicionando Cliente MArio
12:33:57,573 (AWT-EventQueue-0) ERROR [uniandes.isis2304.parranderos.persistencia.PersistenciaAlohAndes] - Exception : null

12:33:57,575 (AWT-EventQueue-0) INFO  [uniandes.isis2304.parranderos.negocio.AlohAndes] - Adicionando persona natural: null
12:42:03,448 (main) INFO  [uniandes.isis2304.parranderos.interfazApp.InterfazAlohAndesApp] - Se encontró un archivo de configuración válido: Interfaz
12:42:03,449 (main) INFO  [uniandes.isis2304.parranderos.interfazApp.InterfazAlohAndesApp] - Se aplica configuración indicada en el archivo de configuración
12:42:03,456 (main) INFO  [uniandes.isis2304.parranderos.interfazApp.InterfazAlohAndesApp] - Se encontró un archivo de configuración válido: Tablas BD
12:42:56,924 (AWT-EventQueue-0) INFO  [uniandes.isis2304.parranderos.negocio.AlohAndes] - Adicionando persona natural Mario
12:42:56,943 (AWT-EventQueue-0) ERROR [uniandes.isis2304.parranderos.persistencia.PersistenciaAlohAndes] - Exception : null

12:42:56,945 (AWT-EventQueue-0) INFO  [uniandes.isis2304.parranderos.negocio.AlohAndes] - Adicionando persona natural: null
12:44:15,105 (AWT-EventQueue-0) INFO  [uniandes.isis2304.parranderos.negocio.AlohAndes] - Adicionando Cliente Dan
12:44:15,281 (AWT-EventQueue-0) ERROR [uniandes.isis2304.parranderos.persistencia.PersistenciaAlohAndes] - Exception : Error con la ejecucion de Query de SQL "INSERT INTO CLIENTES(numero_documento, tipo_documento, nombre, nacionalidad, tipo, username, contrasena) values (?, ?, ?, ?, ?, ?, ?)".
ORA-02290: restricción de control (ISIS2304B092010.CLIENTES_CHK2) violada

12:44:15,293 (AWT-EventQueue-0) INFO  [uniandes.isis2304.parranderos.negocio.AlohAndes] - Adicionando Cliente: null
12:44:49,919 (main) INFO  [uniandes.isis2304.parranderos.interfazApp.InterfazAlohAndesApp] - Se encontró un archivo de configuración válido: Interfaz
12:44:49,919 (main) INFO  [uniandes.isis2304.parranderos.interfazApp.InterfazAlohAndesApp] - Se aplica configuración indicada en el archivo de configuración
12:44:49,927 (main) INFO  [uniandes.isis2304.parranderos.interfazApp.InterfazAlohAndesApp] - Se encontró un archivo de configuración válido: Tablas BD
12:45:46,932 (AWT-EventQueue-0) INFO  [uniandes.isis2304.parranderos.negocio.AlohAndes] - Adicionando Cliente ESTUDIANTE
12:45:47,120 (AWT-EventQueue-0) ERROR [uniandes.isis2304.parranderos.persistencia.PersistenciaAlohAndes] - Exception : Error con la ejecucion de Query de SQL "INSERT INTO CLIENTES(numero_documento, tipo_documento, nombre, nacionalidad, tipo, username, contrasena) values (?, ?, ?, ?, ?, ?, ?)".
ORA-02290: restricción de control (ISIS2304B092010.CLIENTES_CHK2) violada

12:45:47,132 (AWT-EventQueue-0) INFO  [uniandes.isis2304.parranderos.negocio.AlohAndes] - Adicionando Cliente: null
12:47:16,961 (AWT-EventQueue-0) INFO  [uniandes.isis2304.parranderos.negocio.AlohAndes] - Adicionando Cliente Dann
12:47:16,986 (AWT-EventQueue-0) INFO  [uniandes.isis2304.parranderos.negocio.AlohAndes] - Adicionando Cliente: Cliente [nacionalidad=Colombiana, numeroDocumento=5564564645, tipo=EMPLEADO, tipoDocumento=CC, interesan=null, reservas=null]
12:49:26,107 (main) INFO  [uniandes.isis2304.parranderos.interfazApp.InterfazAlohAndesApp] - Se encontró un archivo de configuración válido: Interfaz
12:49:26,108 (main) INFO  [uniandes.isis2304.parranderos.interfazApp.InterfazAlohAndesApp] - Se aplica configuración indicada en el archivo de configuración
12:49:26,115 (main) INFO  [uniandes.isis2304.parranderos.interfazApp.InterfazAlohAndesApp] - Se encontró un archivo de configuración válido: Tablas BD
12:50:27,768 (AWT-EventQueue-0) INFO  [uniandes.isis2304.parranderos.negocio.AlohAndes] - Adicionando persona natural Fany Lu
12:50:27,787 (AWT-EventQueue-0) ERROR [uniandes.isis2304.parranderos.persistencia.PersistenciaAlohAndes] - Exception : null

12:50:27,789 (AWT-EventQueue-0) INFO  [uniandes.isis2304.parranderos.negocio.AlohAndes] - Adicionando persona natural: null
12:54:47,729 (AWT-EventQueue-0) INFO  [uniandes.isis2304.parranderos.negocio.AlohAndes] - Adicionando pj amd
12:54:47,730 (AWT-EventQueue-0) INFO  [uniandes.isis2304.parranderos.negocio.AlohAndes] - Adicionando pj: PersonaJuridica [nit=4878766, horaApertura=07:00, horaCierre=21:00, tipo=HOSTAL, ofertasViviendaUniversitaria=null, ofertasHabitacionDiaria=null]
12:57:29,822 (main) INFO  [uniandes.isis2304.parranderos.interfazApp.InterfazAlohAndesApp] - Se encontró un archivo de configuración válido: Interfaz
12:57:29,823 (main) INFO  [uniandes.isis2304.parranderos.interfazApp.InterfazAlohAndesApp] - Se aplica configuración indicada en el archivo de configuración
12:57:29,829 (main) INFO  [uniandes.isis2304.parranderos.interfazApp.InterfazAlohAndesApp] - Se encontró un archivo de configuración válido: Tablas BD
12:58:21,505 (AWT-EventQueue-0) INFO  [uniandes.isis2304.parranderos.negocio.AlohAndes] - Adicionando persona natural Camilo
12:58:21,530 (AWT-EventQueue-0) ERROR [uniandes.isis2304.parranderos.persistencia.PersistenciaAlohAndes] - Exception : null

12:58:21,533 (AWT-EventQueue-0) INFO  [uniandes.isis2304.parranderos.negocio.AlohAndes] - Adicionando persona natural: null
13:00:58,399 (main) INFO  [uniandes.isis2304.parranderos.interfazApp.InterfazAlohAndesApp] - Se encontró un archivo de configuración válido: Interfaz
13:00:58,399 (main) INFO  [uniandes.isis2304.parranderos.interfazApp.InterfazAlohAndesApp] - Se aplica configuración indicada en el archivo de configuración
13:00:58,406 (main) INFO  [uniandes.isis2304.parranderos.interfazApp.InterfazAlohAndesApp] - Se encontró un archivo de configuración válido: Tablas BD
13:01:48,434 (AWT-EventQueue-0) INFO  [uniandes.isis2304.parranderos.negocio.AlohAndes] - Adicionando persona natural Abulani
13:01:48,452 (AWT-EventQueue-0) ERROR [uniandes.isis2304.parranderos.persistencia.PersistenciaAlohAndes] - Exception : null

13:01:48,455 (AWT-EventQueue-0) INFO  [uniandes.isis2304.parranderos.negocio.AlohAndes] - Adicionando persona natural: null
18:10:47,299 (main) INFO  [uniandes.isis2304.parranderos.interfazApp.InterfazAlohAndesApp] - Se encontró un archivo de configuración válido: Interfaz
18:10:47,300 (main) INFO  [uniandes.isis2304.parranderos.interfazApp.InterfazAlohAndesApp] - Se aplica configuración indicada en el archivo de configuración
18:10:47,324 (main) INFO  [uniandes.isis2304.parranderos.interfazApp.InterfazAlohAndesApp] - Se encontró un archivo de configuración válido: Tablas BD
21:48:27,970 (main) INFO  [uniandes.isis2304.parranderos.interfazApp.InterfazAlohAndesApp] - Se encontró un archivo de configuración válido: Interfaz
21:48:27,971 (main) INFO  [uniandes.isis2304.parranderos.interfazApp.InterfazAlohAndesApp] - Se aplica configuración indicada en el archivo de configuración
21:48:27,977 (main) INFO  [uniandes.isis2304.parranderos.interfazApp.InterfazAlohAndesApp] - Se encontró un archivo de configuración válido: Tablas BD
21:50:39,241 (main) INFO  [uniandes.isis2304.parranderos.interfazApp.InterfazAlohAndesApp] - Se encontró un archivo de configuración válido: Interfaz
21:50:39,241 (main) INFO  [uniandes.isis2304.parranderos.interfazApp.InterfazAlohAndesApp] - Se aplica configuración indicada en el archivo de configuración
21:50:39,249 (main) INFO  [uniandes.isis2304.parranderos.interfazApp.InterfazAlohAndesApp] - Se encontró un archivo de configuración válido: Tablas BD
